<?xml version="1.0" encoding="UTF-8"?>
<!-- Generated by org.testng.reporters.JUnitXMLReporter -->
<testsuite ignored="0" hostname="SUBINs-MacBook-Air.local" failures="1" tests="1" name="Test" time="42.488" errors="0" timestamp="2023-03-22T20:15:48 IST">
  <testcase classname="io.qa.testcases.TestCase" name="addStaff" time="33.515">
    <failure type="java.lang.NumberFormatException" message="For input string: &amp;quot;Subin&amp;quot;">
      <![CDATA[java.lang.NumberFormatException: For input string: "Subin"
at java.base/java.lang.NumberFormatException.forInputString(NumberFormatException.java:67)
at java.base/java.lang.Integer.parseInt(Integer.java:668)
at java.base/java.lang.Integer.parseInt(Integer.java:786)
at io.qa.utils.Calendar.selectDate(Calendar.java:17)
at io.qa.pages.PersonalDetails.addStaffWithMandatoryFields(PersonalDetails.java:59)
at io.qa.testcases.TestCase.addStaff(TestCase.java:48)
at java.base/java.util.ArrayList.forEach(ArrayList.java:1511)
... Removed 27 stack frames]]>
    </failure>
  </testcase> <!-- addStaff -->
</testsuite> <!-- Test -->
