<?xml version="1.0" encoding="UTF-8"?>
<!-- Generated by org.testng.reporters.JUnitXMLReporter -->
<testsuite ignored="0" hostname="SUBINs-MacBook-Air.local" failures="1" tests="1" name="Test" time="38.665" errors="0" timestamp="2023-03-22T18:50:57 IST">
  <testcase classname="in.qa.testcases.TestCase" name="searchProdcut" time="30.787">
    <failure type="java.lang.NumberFormatException" message="For input string: &amp;quot;02-07-1995&amp;quot;">
      <![CDATA[java.lang.NumberFormatException: For input string: "02-07-1995"
at java.base/java.lang.NumberFormatException.forInputString(NumberFormatException.java:67)
at java.base/java.lang.Integer.parseInt(Integer.java:668)
at java.base/java.lang.Integer.parseInt(Integer.java:786)
at in.qa.utils.Calendar.selectDate(Calendar.java:22)
at in.qa.pages.PersonalDetails.addStaffWithMandatoryFields(PersonalDetails.java:54)
at in.qa.testcases.TestCase.searchProdcut(TestCase.java:35)
at java.base/java.util.ArrayList.forEach(ArrayList.java:1511)
... Removed 27 stack frames]]>
    </failure>
  </testcase> <!-- searchProdcut -->
</testsuite> <!-- Test -->
